<?xml version="1.0" encoding="UTF-8"?>
<testsuite xmlns:xsi="http://www.w3.org/2001/XMLSchema-instance" xsi:noNamespaceSchemaLocation="https://maven.apache.org/surefire/maven-surefire-plugin/xsd/surefire-test-report.xsd" name="com.arcada.bromanem.app.FacebookFriendFinderTest" time="0.028" tests="4" errors="0" skipped="0" failures="2">
  <properties>
[...]
</properties>
  <testcase name="testGetFriendNamesFalse" classname="com.arcada.bromanem.app.FacebookFriendFinderTest" time="0.005">
    <failure message="array lengths differed, expected.length=2 actual.length=0" type="java.lang.AssertionError">java.lang.AssertionError: array lengths differed, expected.length=2 actual.length=0
	at com.arcada.bromanem.app.FacebookFriendFinderTest.testGetFriendNamesFalse(FacebookFriendFinderTest.java:80)
</failure>
  </testcase>
  <testcase name="testGetFriendNames" classname="com.arcada.bromanem.app.FacebookFriendFinderTest" time="0"/>
  <testcase name="testGetFriendNames2" classname="com.arcada.bromanem.app.FacebookFriendFinderTest" time="0"/>
  <testcase name="testGetFriendNamesFalse2" classname="com.arcada.bromanem.app.FacebookFriendFinderTest" time="0.001">
    <failure message="array lengths differed, expected.length=2 actual.length=3" type="java.lang.AssertionError">java.lang.AssertionError: array lengths differed, expected.length=2 actual.length=3
	at com.arcada.bromanem.app.FacebookFriendFinderTest.testGetFriendNamesFalse2(FacebookFriendFinderTest.java:104)
</failure>
  </testcase>
</testsuite>